<?xml version="1.0" encoding="UTF-8"?>
<!-- Generated by org.testng.reporters.JUnitReportReporter -->
<testsuite hostname="DESKTOP-Chaitanya" failures="0" tests="1" name="Testng_selenium.Seleniumtestng.AppTest" time="7.560" errors="0" timestamp="2024-09-02T20:41:05 IST" skipped="0">
  <testcase classname="Testng_selenium.Seleniumtestng.AppTest" name="firsttest" time="7.560"/>
</testsuite> <!-- Testng_selenium.Seleniumtestng.AppTest -->
